Removed Pin From Net: NetName=GND Pin=C1-1
Removed Pin From Net: NetName=+5 Pin=C1-2
Removed Pin From Net: NetName=555_5v Pin=C2-1
Removed Pin From Net: NetName=GND Pin=C2-2
Removed Pin From Net: NetName=+5 Pin=LED1-1
Removed Pin From Net: NetName=NetLED2_1 Pin=LED2-1
Removed Pin From Net: NetName=NetLED2_2 Pin=LED2-2
Removed Pin From Net: NetName=NetLED2_1 Pin=LED3-1
Removed Pin From Net: NetName=NetLED3_2 Pin=LED3-2
Removed Pin From Net: NetName=NetLED2_1 Pin=LED4-1
Removed Pin From Net: NetName=NetLED4_2 Pin=LED4-2
Removed Pin From Net: NetName=NetLED2_1 Pin=LED5-1
Removed Pin From Net: NetName=NetLED5_2 Pin=LED5-2
Removed Pin From Net: NetName=GND Pin=R1-1
Removed Pin From Net: NetName=NetR2_1 Pin=R2-1
Removed Pin From Net: NetName=555_5v Pin=R2-2
Removed Pin From Net: NetName=NetC3_2 Pin=R3-1
Removed Pin From Net: NetName=NetR2_1 Pin=R3-2
Removed Pin From Net: NetName=GND Pin=R5-1
Removed Pin From Net: NetName=NetLED3_2 Pin=R5-2
Removed Pin From Net: NetName=GND Pin=R7-1
Removed Pin From Net: NetName=NetLED5_2 Pin=R7-2
Removed Pin From Net: NetName=GND Pin=TP4-1
Removed Pin From Net: NetName=NetLED3_2 Pin=TP4-2
Removed Pin From Net: NetName=NetLED3_2 Pin=TP4-2
Removed Pin From Net: NetName=NetLED3_2 Pin=TP4-2
Removed Member From Class: ClassName=Sheet1 Member=TP4
Added Component: Designator=C1(1206_Passive_Capacitor)
Add component (AddParameter): Name = "Datasheet"; Value = "https://datasheet.lcsc.com/lcsc/1811031514_Samsung-Electro-Mechanics-CL31A226KAHNNNE_C12891.pdf"; VariantName = "[No Variations]"
Add component (AddParameter): Name = "LCSC Part#"; Value = "C12891"; VariantName = "[No Variations]"
Add component (AddParameter): Name = "MFR Part #"; Value = "CL31A226KAHNNNE"; VariantName = "[No Variations]"
Add component (AddParameter): Name = "Type"; Value = "Extended"; VariantName = "[No Variations]"
Add component (AddParameter): Name = "Value"; Value = "22uF"; VariantName = "[No Variations]"
Added Component: Designator=C2(1206_Passive_Capacitor)
Add component (AddParameter): Name = "Datasheet"; Value = "https://datasheet.lcsc.com/lcsc/1811031514_Samsung-Electro-Mechanics-CL31A226KAHNNNE_C12891.pdf"; VariantName = "[No Variations]"
Add component (AddParameter): Name = "LCSC Part#"; Value = "C12891"; VariantName = "[No Variations]"
Add component (AddParameter): Name = "MFR Part #"; Value = "CL31A226KAHNNNE"; VariantName = "[No Variations]"
Add component (AddParameter): Name = "Type"; Value = "Extended"; VariantName = "[No Variations]"
Add component (AddParameter): Name = "Value"; Value = "22uF"; VariantName = "[No Variations]"
Added Component: Designator=LED1(LED_0603)
Add component (AddParameter): Name = "LCSC Part#"; Value = "C72043"; VariantName = "[No Variations]"
Add component (AddParameter): Name = "MFR Part #"; Value = "19-217/GHC-YR1S2/3T"; VariantName = "[No Variations]"
Add component (AddParameter): Name = "Type"; Value = "Basic"; VariantName = "[No Variations]"
Add component (AddParameter): Name = "Value"; Value = "Green"; VariantName = "[No Variations]"
Added Component: Designator=LED2(LED_1206)
Add component (AddParameter): Name = "Datasheet"; Value = "https://datasheet.lcsc.com/szlcsc/1811151241_Everlight-Elec-15-21-R6C-FQ1R1B-2T_C93133.pdf"; VariantName = "[No Variations]"
Add component (AddParameter): Name = "LCSC Part#"; Value = "C93133"; VariantName = "[No Variations]"
Add component (AddParameter): Name = "MFR Part #"; Value = "15-21/R6C-FQ1R1B/2T"; VariantName = "[No Variations]"
Add component (AddParameter): Name = "Type"; Value = "Extended"; VariantName = "[No Variations]"
Add component (AddParameter): Name = "Value"; Value = "Red"; VariantName = "[No Variations]"
Added Component: Designator=LED3(LED_1206)
Add component (AddParameter): Name = "Datasheet"; Value = "https://datasheet.lcsc.com/szlcsc/1811151241_Everlight-Elec-15-21-R6C-FQ1R1B-2T_C93133.pdf"; VariantName = "[No Variations]"
Add component (AddParameter): Name = "LCSC Part#"; Value = "C93133"; VariantName = "[No Variations]"
Add component (AddParameter): Name = "MFR Part #"; Value = "15-21/R6C-FQ1R1B/2T"; VariantName = "[No Variations]"
Add component (AddParameter): Name = "Type"; Value = "Extended"; VariantName = "[No Variations]"
Add component (AddParameter): Name = "Value"; Value = "Red"; VariantName = "[No Variations]"
Added Component: Designator=LED4(LED_1206)
Add component (AddParameter): Name = "Datasheet"; Value = "https://datasheet.lcsc.com/szlcsc/1811151241_Everlight-Elec-15-21-R6C-FQ1R1B-2T_C93133.pdf"; VariantName = "[No Variations]"
Add component (AddParameter): Name = "LCSC Part#"; Value = "C93133"; VariantName = "[No Variations]"
Add component (AddParameter): Name = "MFR Part #"; Value = "15-21/R6C-FQ1R1B/2T"; VariantName = "[No Variations]"
Add component (AddParameter): Name = "Type"; Value = "Extended"; VariantName = "[No Variations]"
Add component (AddParameter): Name = "Value"; Value = "Red"; VariantName = "[No Variations]"
Added Component: Designator=LED5(LED_1206)
Add component (AddParameter): Name = "Datasheet"; Value = "https://datasheet.lcsc.com/szlcsc/1811151241_Everlight-Elec-15-21-R6C-FQ1R1B-2T_C93133.pdf"; VariantName = "[No Variations]"
Add component (AddParameter): Name = "LCSC Part#"; Value = "C93133"; VariantName = "[No Variations]"
Add component (AddParameter): Name = "MFR Part #"; Value = "15-21/R6C-FQ1R1B/2T"; VariantName = "[No Variations]"
Add component (AddParameter): Name = "Type"; Value = "Extended"; VariantName = "[No Variations]"
Add component (AddParameter): Name = "Value"; Value = "Red"; VariantName = "[No Variations]"
Added Component: Designator=R1(0805_Passive_Resistor)
Add component (AddParameter): Name = "LCSC Part#"; Value = "C17513"; VariantName = "[No Variations]"
Add component (AddParameter): Name = "MFR Part #"; Value = "0805W8F1001T5E"; VariantName = "[No Variations]"
Add component (AddParameter): Name = "Type"; Value = "Basic"; VariantName = "[No Variations]"
Add component (AddParameter): Name = "Value"; Value = "1K Ohm"; VariantName = "[No Variations]"
Added Component: Designator=R2(0805_Passive_Resistor)
Add component (AddParameter): Name = "LCSC Part#"; Value = "C17513"; VariantName = "[No Variations]"
Add component (AddParameter): Name = "MFR Part #"; Value = "0805W8F1001T5E"; VariantName = "[No Variations]"
Add component (AddParameter): Name = "Type"; Value = "Basic"; VariantName = "[No Variations]"
Add component (AddParameter): Name = "Value"; Value = "1K Ohm"; VariantName = "[No Variations]"
Added Component: Designator=R3(0805_Passive_Resistor)
Add component (AddParameter): Name = "LCSC Part#"; Value = "C17513"; VariantName = "[No Variations]"
Add component (AddParameter): Name = "MFR Part #"; Value = "0805W8F1001T5E"; VariantName = "[No Variations]"
Add component (AddParameter): Name = "Type"; Value = "Basic"; VariantName = "[No Variations]"
Add component (AddParameter): Name = "Value"; Value = "1K Ohm"; VariantName = "[No Variations]"
Added Component: Designator=R5(0805_Passive_Resistor)
Add component (AddParameter): Name = "LCSC Part#"; Value = "C17513"; VariantName = "[No Variations]"
Add component (AddParameter): Name = "MFR Part #"; Value = "0805W8F1001T5E"; VariantName = "[No Variations]"
Add component (AddParameter): Name = "Type"; Value = "Basic"; VariantName = "[No Variations]"
Add component (AddParameter): Name = "Value"; Value = "1K Ohm"; VariantName = "[No Variations]"
Added Component: Designator=R7(1206_Passive_Resitor)
Add component (AddParameter): Name = "Datasheet"; Value = "https://datasheet.lcsc.com/lcsc/1811101020_UNI-ROYAL-Uniroyal-Elec-1206W4J0470T5E_C25384.pdf"; VariantName = "[No Variations]"
Add component (AddParameter): Name = "LCSC Part#"; Value = "C25384"; VariantName = "[No Variations]"
Add component (AddParameter): Name = "MFR Part #"; Value = "1206W4J0470T5E"; VariantName = "[No Variations]"
Add component (AddParameter): Name = "Type"; Value = "Extended"; VariantName = "[No Variations]"
Add component (AddParameter): Name = "Value"; Value = "47Ohm"; VariantName = "[No Variations]"
Added Component: Designator=TP3(TP10x_Probe)
Added Pin To Net: NetName=GND Pin=C1-1
Added Pin To Net: NetName=+5 Pin=C1-2
Added Pin To Net: NetName=GND Pin=C2-1
Added Pin To Net: NetName=555_5v Pin=C2-2
Added Pin To Net: NetName=+5 Pin=LED1-1
Added Pin To Net: NetName=NetLED2_1 Pin=LED2-1
Added Pin To Net: NetName=NetLED2_2 Pin=LED2-2
Added Pin To Net: NetName=NetLED2_1 Pin=LED3-1
Added Pin To Net: NetName=NetLED3_2 Pin=LED3-2
Added Pin To Net: NetName=NetLED2_1 Pin=LED4-1
Added Pin To Net: NetName=NetLED4_2 Pin=LED4-2
Added Pin To Net: NetName=NetLED2_1 Pin=LED5-1
Added Pin To Net: NetName=NetLED5_2 Pin=LED5-2
Added Pin To Net: NetName=GND Pin=R1-1
Added Pin To Net: NetName=NetR2_1 Pin=R2-1
Added Pin To Net: NetName=555_5v Pin=R2-2
Added Pin To Net: NetName=NetC3_2 Pin=R3-1
Added Pin To Net: NetName=NetR2_1 Pin=R3-2
Added Pin To Net: NetName=GND Pin=R5-1
Added Pin To Net: NetName=NetLED3_2 Pin=R5-2
Added Pin To Net: NetName=GND Pin=R7-1
Added Pin To Net: NetName=NetLED5_2 Pin=R7-2
Added Pin To Net: NetName=NetLED3_2 Pin=TP3-1
Added Pin To Net: NetName=GND Pin=TP3-2
Added Pin To Net: NetName=GND Pin=TP3-2
Added Pin To Net: NetName=GND Pin=TP3-2
Change Net Name : Old Net Name=+5 New Net Name=+5v
Added Member To Class: ClassName=Sheet1 Member=Component TP3 TP_LED_current
Change Rule Scope 1 : Old Scope=InNet('+5') New Scope=InNet('555_5v')
Change Rule Scope 1 : Old Scope=InNet('+5') New Scope=InNet('+5v')
